  [4;36;1mSQL (0.2ms)[0m   [0;1m SELECT name
 FROM sqlite_master
 WHERE type = 'table' AND NOT name = 'sqlite_sequence'
[0m
  [4;35;1mSQL (0.1ms)[0m   [0mselect sqlite_version(*)[0m
  [4;36;1mSQL (1.3ms)[0m   [0;1mCREATE TABLE "schema_migrations" ("version" varchar(255) NOT NULL) [0m
  [4;35;1mSQL (0.0ms)[0m   [0mPRAGMA index_list("schema_migrations")[0m
  [4;36;1mSQL (1.1ms)[0m   [0;1mCREATE UNIQUE INDEX "unique_schema_migrations" ON "schema_migrations" ("version")[0m
  [4;35;1mSQL (0.1ms)[0m   [0m SELECT name
 FROM sqlite_master
 WHERE type = 'table' AND NOT name = 'sqlite_sequence'
[0m
  [4;36;1mSQL (0.1ms)[0m   [0;1mSELECT version FROM schema_migrations[0m
Migrating to CreateAccessKeys (20100626195236)
  [4;35;1mSQL (0.5ms)[0m   [0mCREATE TABLE "access_keys" ("id" INTEGER PRIMARY KEY AUTOINCREMENT NOT NULL, "token_a" varchar(999), "token_b" varchar(999), "service" varchar(255) NOT NULL, "type" varchar(255) NOT NULL, "owner_type" varchar(255), "owner_id" integer, "created_at" datetime NOT NULL, "updated_at" datetime NOT NULL) [0m
  [4;36;1mSQL (0.1ms)[0m   [0;1mINSERT INTO schema_migrations (version) VALUES ('20100626195236')[0m
Migrating to CreateUsers (20100626195514)
  [4;35;1mSQL (0.5ms)[0m   [0mCREATE TABLE "users" ("id" INTEGER PRIMARY KEY AUTOINCREMENT NOT NULL, "login" varchar(255) NOT NULL, "email" varchar(255) NOT NULL, "crypted_password" varchar(255) NOT NULL, "password_salt" varchar(255) NOT NULL, "persistence_token" varchar(255) NOT NULL, "single_access_token" varchar(255) NOT NULL, "perishable_token" varchar(255) NOT NULL, "created_at" datetime, "updated_at" datetime) [0m
  [4;36;1mSQL (0.1ms)[0m   [0;1mINSERT INTO schema_migrations (version) VALUES ('20100626195514')[0m
  [4;35;1mSQL (0.3ms)[0m   [0m SELECT name
 FROM sqlite_master
 WHERE type = 'table' AND NOT name = 'sqlite_sequence'
[0m
  [4;36;1mSQL (0.1ms)[0m   [0;1mSELECT version FROM schema_migrations[0m
  [4;35;1mSQL (0.2ms)[0m   [0m SELECT name
 FROM sqlite_master
 WHERE type = 'table' AND NOT name = 'sqlite_sequence'
[0m
  [4;36;1mSQL (0.1ms)[0m   [0;1mPRAGMA index_list("access_keys")[0m
  [4;35;1mSQL (0.0ms)[0m   [0mPRAGMA index_list("users")[0m


Processing ApplicationController#index (for 127.0.0.1 at 2010-06-26 16:05:38) [GET]

ActionController::RoutingError (No route matches "/users_sessions" with {:method=>:get}):
  

Rendering rescues/layout (not_found)


Processing ApplicationController#index (for 127.0.0.1 at 2010-06-26 16:07:02) [GET]

ActionController::RoutingError (No route matches "/users_sessions" with {:method=>:get}):
  

Rendering rescues/layout (not_found)


Processing UserSessionsController#new (for 127.0.0.1 at 2010-06-26 16:07:05) [GET]
  Parameters: {"action"=>"new", "controller"=>"user_sessions"}
Rendering template within layouts/application
Rendering user_sessions/new
  [4;36;1mSQL (0.3ms)[0m   [0;1m SELECT name
 FROM sqlite_master
 WHERE type = 'table' AND NOT name = 'sqlite_sequence'
[0m

ActionView::TemplateError (undefined method `logged_in' for #<Class:0x1034ff4d0>) on line #16 of app/views/layouts/application.html.erb:
13: <span style="float: right; text-align: right;"><%= link_to "Source code", "http://github.com/binarylogic/authlogic_example" %> | <%= link_to "Setup tutorial", "http://www.binarylogic.com/2008/11/3/tutorial-authlogic-basic-setup" %> | <%= link_to "Password reset tutorial", "http://www.binarylogic.com/2008/11/16/tutorial-reset-passwords-with-authlogic" %><br />
14: <%= link_to "OpenID tutorial", "http://www.binarylogic.com/2008/11/21/tutorial-using-openid-with-authlogic" %> | <%= link_to "Authlogic Repo", "http://github.com/binarylogic/authlogic" %> | <%= link_to "Authlogic Doc", "http://authlogic.rubyforge.org/" %></span>
15: <h1>Authlogic Example App</h1>
16: <%= pluralize User.logged_in.count, "user" %> currently logged in<br /> <!-- This based on last_request_at, if they were active < 10 minutes they are logged in -->
17: <br />
18: <br />
19: 

    app/views/layouts/application.html.erb:16

Rendered rescues/_trace (112.2ms)
Rendered rescues/_request_and_response (1.1ms)
Rendering rescues/layout (internal_server_error)


Processing UserSessionsController#new (for 127.0.0.1 at 2010-06-26 16:07:33) [GET]
  Parameters: {"action"=>"new", "controller"=>"user_sessions"}
Rendering template within layouts/application
Rendering user_sessions/new
Completed in 22ms (View: 11, DB: 0) | 200 OK [http://localhost/]


Processing ApplicationController#index (for 127.0.0.1 at 2010-06-26 16:07:33) [GET]

ActionController::RoutingError (No route matches "/stylesheets/scaffold.css" with {:method=>:get}):
  

Rendering rescues/layout (not_found)


Processing UserSessionsController#new (for 127.0.0.1 at 2010-06-26 16:07:53) [GET]
  Parameters: {"action"=>"new", "controller"=>"user_sessions"}
Rendering template within layouts/application
Rendering user_sessions/new
Completed in 18ms (View: 6, DB: 0) | 200 OK [http://localhost/]


Processing UserSessionsController#new (for 127.0.0.1 at 2010-06-26 16:08:46) [GET]
  Parameters: {"action"=>"new", "controller"=>"user_sessions"}
Rendering template within layouts/application
Rendering user_sessions/new
Completed in 23ms (View: 11, DB: 0) | 200 OK [http://localhost/]


Processing ApplicationController#index (for 127.0.0.1 at 2010-06-26 16:08:46) [GET]

ActionController::RoutingError (No route matches "/stylesheets/scaffold.css" with {:method=>:get}):
  

Rendering rescues/layout (not_found)


Processing UsersController#new (for 127.0.0.1 at 2010-06-26 16:08:50) [GET]
  Parameters: {"action"=>"new", "controller"=>"users"}
Rendering template within layouts/application
Rendering users/new
Rendered users/_form (2.4ms)
Completed in 27ms (View: 16, DB: 0) | 200 OK [http://localhost/account/new]


Processing ApplicationController#index (for 127.0.0.1 at 2010-06-26 16:08:50) [GET]

ActionController::RoutingError (No route matches "/stylesheets/scaffold.css" with {:method=>:get}):
  

Rendering rescues/layout (not_found)


Processing UsersController#create (for 127.0.0.1 at 2010-06-26 16:08:57) [POST]
  Parameters: {"commit"=>"Register", "action"=>"create", "controller"=>"users", "user"=>{"password_confirmation"=>"[FILTERED]", "password"=>"[FILTERED]", "login"=>"test"}}
  [4;35;1mUser Load (0.2ms)[0m   [0mSELECT "users".id FROM "users" WHERE (LOWER("users"."login") = 'test') LIMIT 1[0m
  [4;36;1mUser Load (0.1ms)[0m   [0;1mSELECT "users".id FROM "users" WHERE ("users"."persistence_token" = '83975aa7e744e78135a84cd3a5c4a55d170f8b7890ddd8cab0f80307e437447d72eac8affcfafd822c896c02a948f751b750dff53be6de62c46b66cd4f11ce4f') LIMIT 1[0m
  [4;35;1mUser Load (0.1ms)[0m   [0mSELECT "users".id FROM "users" WHERE ("users"."single_access_token" = 'iAm1L_FbRSjXx5Au7rEu') LIMIT 1[0m

NameError (uninitialized constant User::SimpleOauth):
  app/models/user.rb:15:in `using_sso?'
  app/controllers/users_controller.rb:11:in `create'

Rendered rescues/_trace (114.0ms)
Rendered rescues/_request_and_response (0.4ms)
Rendering rescues/layout (internal_server_error)


Processing UsersController#create (for 127.0.0.1 at 2010-06-26 16:09:13) [POST]
  Parameters: {"commit"=>"Register", "action"=>"create", "controller"=>"users", "user"=>{"password_confirmation"=>"[FILTERED]", "password"=>"[FILTERED]", "login"=>"test"}}
  [4;36;1mUser Load (0.2ms)[0m   [0;1mSELECT "users".id FROM "users" WHERE (LOWER("users"."login") = 'test') LIMIT 1[0m
  [4;35;1mUser Load (0.1ms)[0m   [0mSELECT "users".id FROM "users" WHERE ("users"."persistence_token" = 'e5ed37fab1e1b1e12e1e7eeceec15f0c8ffc5cd0df4a44a169d5c2fbe18114a6b4ffd2dc32a249fcf3be3291f4b8c8c927d2d820c4fd3603f3286b3a18e248b4') LIMIT 1[0m
  [4;36;1mUser Load (0.1ms)[0m   [0;1mSELECT "users".id FROM "users" WHERE ("users"."single_access_token" = 'u7x6OIUIX6yuAnF0JIGs') LIMIT 1[0m
Rendering template within layouts/application
Rendering users/new
Rendered users/_form (1.7ms)
Completed in 28ms (View: 8, DB: 0) | 200 OK [http://localhost/account]


Processing ApplicationController#index (for 127.0.0.1 at 2010-06-26 16:09:13) [GET]

ActionController::RoutingError (No route matches "/stylesheets/scaffold.css" with {:method=>:get}):
  

Rendering rescues/layout (not_found)


Processing UsersController#create (for 127.0.0.1 at 2010-06-26 16:09:36) [POST]
  Parameters: {"commit"=>"Register", "action"=>"create", "controller"=>"users", "user"=>{"password_confirmation"=>"[FILTERED]", "password"=>"[FILTERED]", "login"=>"test"}}
  [4;35;1mUser Load (0.2ms)[0m   [0mSELECT "users".id FROM "users" WHERE (LOWER("users"."login") = 'test') LIMIT 1[0m
  [4;36;1mUser Load (0.1ms)[0m   [0;1mSELECT "users".id FROM "users" WHERE ("users"."persistence_token" = '046d6de6806279afbeaa0b955ed16ca86c15e77456bbc94a8bec175a1e7b51e3db87f1d3a351e9409202b35d429e9ed8c127de1ba30de46ae7407bc43ec4a092') LIMIT 1[0m
  [4;35;1mUser Load (0.1ms)[0m   [0mSELECT "users".id FROM "users" WHERE ("users"."single_access_token" = '85a-vH0qec6SY1pX1g_0') LIMIT 1[0m
Rendering template within layouts/application
Rendering users/new
Rendered users/_form (6.3ms)
Completed in 119ms (View: 18, DB: 0) | 200 OK [http://localhost/account]


Processing ApplicationController#index (for 127.0.0.1 at 2010-06-26 16:09:37) [GET]

ActionController::RoutingError (No route matches "/stylesheets/scaffold.css" with {:method=>:get}):
  

Rendering rescues/layout (not_found)


Processing UsersController#create (for 127.0.0.1 at 2010-06-26 16:09:41) [POST]
  Parameters: {"commit"=>"Register", "action"=>"create", "controller"=>"users", "user"=>{"password_confirmation"=>"[FILTERED]", "password"=>"[FILTERED]", "login"=>"test", "email"=>"james@jamesdaniels.net"}}
  [4;36;1mUser Load (0.2ms)[0m   [0;1mSELECT "users".id FROM "users" WHERE (LOWER("users"."email") = 'james@jamesdaniels.net') LIMIT 1[0m
  [4;35;1mUser Load (0.1ms)[0m   [0mSELECT "users".id FROM "users" WHERE (LOWER("users"."login") = 'test') LIMIT 1[0m
  [4;36;1mUser Load (0.1ms)[0m   [0;1mSELECT "users".id FROM "users" WHERE ("users"."persistence_token" = 'a7341a86edfcd1a42d3ff764d38f0ee2918bb55dac8ec64981a20b42afd5fe1af332ff7d4a4755356138c5669489bffd461c95cdffa0ca98d6674b6119f921b5') LIMIT 1[0m
  [4;35;1mUser Load (0.1ms)[0m   [0mSELECT "users".id FROM "users" WHERE ("users"."single_access_token" = 'HiJi5RE79RRa1gmEVJsT') LIMIT 1[0m
  [4;36;1mUser Create (0.5ms)[0m   [0;1mINSERT INTO "users" ("single_access_token", "created_at", "crypted_password", "perishable_token", "updated_at", "password_salt", "persistence_token", "login", "email") VALUES('HiJi5RE79RRa1gmEVJsT', '2010-06-26 20:09:41', 'abe6cff46372bb9e56a07156d6d817be923a290e81734e6888690f4a23bbb779fbbcca647bc14ecabb332e21339052520a67c328f74d4959777d2e2ae2f78079', '1hSfTZGElzLD3QHprRK-', '2010-06-26 20:09:41', 'bBUBSNzsP_B2vNTTp0_a', 'a7341a86edfcd1a42d3ff764d38f0ee2918bb55dac8ec64981a20b42afd5fe1af332ff7d4a4755356138c5669489bffd461c95cdffa0ca98d6674b6119f921b5', 'test', 'james@jamesdaniels.net')[0m
  [4;35;1mAccessKey Load (0.1ms)[0m   [0mSELECT * FROM "access_keys" WHERE ("access_keys".owner_id = NULL AND "access_keys".owner_type = 'User') [0m
Redirected to http://localhost:3000/account
Completed in 26ms (DB: 1) | 302 Found [http://localhost/account]


Processing UsersController#show (for 127.0.0.1 at 2010-06-26 16:09:41) [GET]
  Parameters: {"action"=>"show", "controller"=>"users"}
  [4;36;1mUser Load (0.4ms)[0m   [0;1mSELECT * FROM "users" WHERE ("users"."persistence_token" = 'a7341a86edfcd1a42d3ff764d38f0ee2918bb55dac8ec64981a20b42afd5fe1af332ff7d4a4755356138c5669489bffd461c95cdffa0ca98d6674b6119f921b5') LIMIT 1[0m
Rendering template within layouts/application
Rendering users/show

ActionView::TemplateError (undefined method `login_count' for #<User:0x1031855c0>) on line #8 of app/views/users/show.html.erb:
5: 
6: <p>
7:   <b>Login count:</b>
8:   <%=h @user.login_count %>
9: </p>
10: 
11: <p>

    app/views/users/show.html.erb:8

Rendered rescues/_trace (119.2ms)
Rendered rescues/_request_and_response (0.3ms)
Rendering rescues/layout (internal_server_error)


Processing UsersController#show (for 127.0.0.1 at 2010-06-26 16:09:49) [GET]
  Parameters: {"action"=>"show", "controller"=>"users"}
  [4;35;1mUser Load (0.4ms)[0m   [0mSELECT * FROM "users" WHERE ("users"."persistence_token" = 'a7341a86edfcd1a42d3ff764d38f0ee2918bb55dac8ec64981a20b42afd5fe1af332ff7d4a4755356138c5669489bffd461c95cdffa0ca98d6674b6119f921b5') LIMIT 1[0m
Rendering template within layouts/application
Rendering users/show

ActionView::TemplateError (undefined method `last_request_at' for #<User:0x1032b5670>) on line #8 of app/views/users/show.html.erb:
5: 
6: <p>
7:   <b>Last request at:</b>
8:   <%=h @user.last_request_at %>
9: </p>
10: 
11: <p>

    app/views/users/show.html.erb:8

Rendered rescues/_trace (125.4ms)
Rendered rescues/_request_and_response (0.3ms)
Rendering rescues/layout (internal_server_error)


Processing UsersController#show (for 127.0.0.1 at 2010-06-26 16:09:58) [GET]
  Parameters: {"action"=>"show", "controller"=>"users"}
  [4;36;1mUser Load (0.4ms)[0m   [0;1mSELECT * FROM "users" WHERE ("users"."persistence_token" = 'a7341a86edfcd1a42d3ff764d38f0ee2918bb55dac8ec64981a20b42afd5fe1af332ff7d4a4755356138c5669489bffd461c95cdffa0ca98d6674b6119f921b5') LIMIT 1[0m
Rendering template within layouts/application
Rendering users/show
Completed in 24ms (View: 8, DB: 0) | 200 OK [http://localhost/account]


Processing ApplicationController#index (for 127.0.0.1 at 2010-06-26 16:09:58) [GET]

ActionController::RoutingError (No route matches "/stylesheets/scaffold.css" with {:method=>:get}):
  

Rendering rescues/layout (not_found)


Processing UsersController#show (for 127.0.0.1 at 2010-06-26 16:10:01) [GET]
  Parameters: {"action"=>"show", "controller"=>"users"}
  [4;35;1mUser Load (0.4ms)[0m   [0mSELECT * FROM "users" WHERE ("users"."persistence_token" = 'a7341a86edfcd1a42d3ff764d38f0ee2918bb55dac8ec64981a20b42afd5fe1af332ff7d4a4755356138c5669489bffd461c95cdffa0ca98d6674b6119f921b5') LIMIT 1[0m
Rendering template within layouts/application
Rendering users/show
Completed in 19ms (View: 4, DB: 0) | 200 OK [http://localhost/account]


Processing ApplicationController#index (for 127.0.0.1 at 2010-06-26 16:10:01) [GET]

ActionController::RoutingError (No route matches "/stylesheets/scaffold.css" with {:method=>:get}):
  

Rendering rescues/layout (not_found)


Processing UserSessionsController#destroy (for 127.0.0.1 at 2010-06-26 16:10:04) [DELETE]
  Parameters: {"action"=>"destroy", "_method"=>"delete", "controller"=>"user_sessions"}
  [4;36;1mUser Load (0.4ms)[0m   [0;1mSELECT * FROM "users" WHERE ("users"."persistence_token" = 'a7341a86edfcd1a42d3ff764d38f0ee2918bb55dac8ec64981a20b42afd5fe1af332ff7d4a4755356138c5669489bffd461c95cdffa0ca98d6674b6119f921b5') LIMIT 1[0m
Redirected to http://localhost:3000/user_session/new
Completed in 15ms (DB: 0) | 302 Found [http://localhost/user_session]


Processing UserSessionsController#new (for 127.0.0.1 at 2010-06-26 16:10:04) [GET]
  Parameters: {"action"=>"new", "controller"=>"user_sessions"}
Rendering template within layouts/application
Rendering user_sessions/new
Completed in 18ms (View: 6, DB: 0) | 200 OK [http://localhost/user_session/new]


Processing ApplicationController#index (for 127.0.0.1 at 2010-06-26 16:10:04) [GET]

ActionController::RoutingError (No route matches "/stylesheets/scaffold.css" with {:method=>:get}):
  

Rendering rescues/layout (not_found)


Processing UserSessionsController#create (for 127.0.0.1 at 2010-06-26 16:10:09) [POST]
  Parameters: {"commit"=>"Login", "user_session"=>{"remember_me"=>"0", "password"=>"[FILTERED]", "login"=>"jamesdaniels"}, "action"=>"create", "controller"=>"user_sessions"}
  [4;35;1mUser Load (0.3ms)[0m   [0mSELECT * FROM "users" WHERE (LOWER("users".login) = 'jamesdaniels') LIMIT 1[0m
Rendering template within layouts/application
Rendering user_sessions/new
Completed in 20ms (View: 7, DB: 0) | 200 OK [http://localhost/user_session]


Processing ApplicationController#index (for 127.0.0.1 at 2010-06-26 16:10:09) [GET]

ActionController::RoutingError (No route matches "/stylesheets/scaffold.css" with {:method=>:get}):
  

Rendering rescues/layout (not_found)


Processing UserSessionsController#create (for 127.0.0.1 at 2010-06-26 16:10:16) [POST]
  Parameters: {"commit"=>"Login", "user_session"=>{"remember_me"=>"0", "password"=>"[FILTERED]", "login"=>"test"}, "action"=>"create", "controller"=>"user_sessions"}
  [4;36;1mUser Load (0.4ms)[0m   [0;1mSELECT * FROM "users" WHERE (LOWER("users".login) = 'test') LIMIT 1[0m
  [4;35;1mUser Update (0.3ms)[0m   [0mUPDATE "users" SET "updated_at" = '2010-06-26 20:10:16', "perishable_token" = 'uca86rJ8BoU7NWc7Q2dm' WHERE "id" = 1[0m
Redirected to http://localhost:3000/account
Completed in 19ms (DB: 1) | 302 Found [http://localhost/user_session]


Processing UsersController#show (for 127.0.0.1 at 2010-06-26 16:10:16) [GET]
  Parameters: {"action"=>"show", "controller"=>"users"}
  [4;36;1mUser Load (0.4ms)[0m   [0;1mSELECT * FROM "users" WHERE ("users"."id" = '1') LIMIT 1[0m
Rendering template within layouts/application
Rendering users/show
Completed in 104ms (View: 4, DB: 0) | 200 OK [http://localhost/account]


Processing ApplicationController#index (for 127.0.0.1 at 2010-06-26 16:10:16) [GET]

ActionController::RoutingError (No route matches "/stylesheets/scaffold.css" with {:method=>:get}):
  

Rendering rescues/layout (not_found)


Processing UsersController#show (for 127.0.0.1 at 2010-06-26 16:10:19) [GET]
  Parameters: {"action"=>"show", "controller"=>"users"}
  [4;35;1mUser Load (0.4ms)[0m   [0mSELECT * FROM "users" WHERE ("users"."id" = '1') LIMIT 1[0m
Rendering template within layouts/application
Rendering users/show
Completed in 19ms (View: 4, DB: 0) | 200 OK [http://localhost/account]


Processing ApplicationController#index (for 127.0.0.1 at 2010-06-26 16:10:19) [GET]

ActionController::RoutingError (No route matches "/stylesheets/scaffold.css" with {:method=>:get}):
  

Rendering rescues/layout (not_found)


Processing UserSessionsController#destroy (for 127.0.0.1 at 2010-06-26 16:10:26) [DELETE]
  Parameters: {"action"=>"destroy", "_method"=>"delete", "controller"=>"user_sessions"}
  [4;36;1mUser Load (0.4ms)[0m   [0;1mSELECT * FROM "users" WHERE ("users"."id" = '1') LIMIT 1[0m
Redirected to http://localhost:3000/user_session/new
Completed in 15ms (DB: 0) | 302 Found [http://localhost/user_session]


Processing UserSessionsController#new (for 127.0.0.1 at 2010-06-26 16:10:26) [GET]
  Parameters: {"action"=>"new", "controller"=>"user_sessions"}
Rendering template within layouts/application
Rendering user_sessions/new
Completed in 98ms (View: 86, DB: 0) | 200 OK [http://localhost/user_session/new]


Processing ApplicationController#index (for 127.0.0.1 at 2010-06-26 16:10:26) [GET]

ActionController::RoutingError (No route matches "/stylesheets/scaffold.css" with {:method=>:get}):
  

Rendering rescues/layout (not_found)


Processing UserSessionsController#new (for 127.0.0.1 at 2010-06-26 16:10:53) [GET]
  Parameters: {"action"=>"new", "controller"=>"user_sessions"}
Rendering template within layouts/application
Rendering user_sessions/new
Completed in 21ms (View: 9, DB: 0) | 200 OK [http://localhost/user_session/new]


Processing ApplicationController#index (for 127.0.0.1 at 2010-06-26 16:10:53) [GET]

ActionController::RoutingError (No route matches "/stylesheets/scaffold.css" with {:method=>:get}):
  

Rendering rescues/layout (not_found)


Processing UsersController#new (for 127.0.0.1 at 2010-06-26 16:11:08) [GET]
  Parameters: {"action"=>"new", "controller"=>"users"}
Rendering template within layouts/application
Rendering users/new
Rendered users/_form (2.1ms)
Completed in 23ms (View: 11, DB: 0) | 200 OK [http://localhost/account/new]


Processing ApplicationController#index (for 127.0.0.1 at 2010-06-26 16:11:08) [GET]

ActionController::RoutingError (No route matches "/stylesheets/scaffold.css" with {:method=>:get}):
  

Rendering rescues/layout (not_found)


Processing UsersController#create (for 127.0.0.1 at 2010-06-26 16:11:09) [POST]
  Parameters: {"commit"=>"Register", "action"=>"create", "controller"=>"users", "user"=>{"password_confirmation"=>"[FILTERED]", "password"=>"[FILTERED]", "login"=>"", "email"=>""}}
  [4;35;1mUser Load (0.2ms)[0m   [0mSELECT "users".id FROM "users" WHERE (LOWER("users"."email") = '') LIMIT 1[0m
  [4;36;1mUser Load (0.1ms)[0m   [0;1mSELECT "users".id FROM "users" WHERE (LOWER("users"."login") = '') LIMIT 1[0m
  [4;35;1mUser Load (0.1ms)[0m   [0mSELECT "users".id FROM "users" WHERE ("users"."persistence_token" = '751a2ca4c0df1cbd481bbf71821bc9c0c11686d175f13212181f61ab3f98234e2c3adbe3e51f0708242a306a776c4b6a3714f4e4350cda1185888fbc0881146c') LIMIT 1[0m
  [4;36;1mUser Load (0.1ms)[0m   [0;1mSELECT "users".id FROM "users" WHERE ("users"."single_access_token" = 'fL4kSMo7ZzHR5EOANPbY') LIMIT 1[0m
Rendering template within layouts/application
Rendering users/new
Rendered users/_form (11.9ms)
Completed in 125ms (View: 24, DB: 0) | 200 OK [http://localhost/account]


Processing ApplicationController#index (for 127.0.0.1 at 2010-06-26 16:11:09) [GET]

ActionController::RoutingError (No route matches "/stylesheets/scaffold.css" with {:method=>:get}):
  

Rendering rescues/layout (not_found)


Processing UsersController#create (for 127.0.0.1 at 2010-06-26 16:11:29) [POST]
  Parameters: {"commit"=>"Register", "action"=>"create", "controller"=>"users", "user"=>{"password_confirmation"=>"[FILTERED]", "password"=>"[FILTERED]", "login"=>"", "email"=>""}}
  [4;35;1mUser Load (0.2ms)[0m   [0mSELECT "users".id FROM "users" WHERE (LOWER("users"."email") = '') LIMIT 1[0m
  [4;36;1mUser Load (0.1ms)[0m   [0;1mSELECT "users".id FROM "users" WHERE (LOWER("users"."login") = '') LIMIT 1[0m
  [4;35;1mUser Load (0.1ms)[0m   [0mSELECT "users".id FROM "users" WHERE ("users"."persistence_token" = '79bdd8095f8bf42637e93b9fbfbe0ba06e7d43dd10afec33315830bdcb3fedb07c5e492b60fd7b8a3f6f1dacbc0ae71d03ac41a45efba571fc0392486d2695b8') LIMIT 1[0m
  [4;36;1mUser Load (0.1ms)[0m   [0;1mSELECT "users".id FROM "users" WHERE ("users"."single_access_token" = 'JQn966edEyxidg2EKpzR') LIMIT 1[0m
Rendering template within layouts/application
Rendering users/new
Rendered users/_form (12.7ms)
Completed in 45ms (View: 25, DB: 0) | 200 OK [http://localhost/account]


Processing ApplicationController#index (for 127.0.0.1 at 2010-06-26 16:11:30) [GET]

ActionController::RoutingError (No route matches "/stylesheets/scaffold.css" with {:method=>:get}):
  

Rendering rescues/layout (not_found)
